187
((6, 182845), [])
56
((21, 183692), [])
50
((36, 184442), [])
44
((51, 185159), [])
55
((66, 185876), [])
47
((81, 186561), [])
46
((96, 187246), [])
44
((111, 187963), [])
59
((126, 188680), [])
42
((141, 189365), [])
42
((156, 190147), [])
44
((171, 190962), [])
45
((186, 191679), [])
41
((201, 192462), [])
37
((216, 193211), [])
42
((231, 193961), [])
43
((246, 194744), [])
40
((261, 195493), [])
35
((276, 196508), [])
44
((291, 197916), [])
54
((306, 199437), [])
53
((321, 201315), [((223, 127), (200, 31), 76)])
139
((336, 202447), [((274, 105), (199, 31), 76)])
143
((351, 203483), [((342, 296), (125, 31), -88), ((312, 81), (176, 32), 76)])
276
((366, 204907), [((261, 320), (81, 24), -81), ((259, 150), (156, 24), 84)])
229
((381, 206024), [((183, 108), (133, 23), 80), ((192, 283), (132, 21), -85)])
246
((396, 207238), [((171, 225), (118, 18), 90), ((148, 67), (122, 21), 75)])
252
((411, 208548), [((95, 38), (93, 18), 66), ((142, 318), (83, 17), -83), ((137, 179), (117, 19), 82)])
223
((426, 209649), [((146, 310), (99, 17), -82), ((144, 163), (115, 18), 81)])
277
((441, 210992), [((134, 40), (91, 16), 70), ((166, 193), (119, 20), 86)])
246
((456, 212351), [((178, 227), (115, 19), 89), ((150, 73), (115, 19), 73)])
227
((471, 213452), [((147, 57), (115, 18), 86), ((161, 214), (114, 18), 87)])
230
((486, 214649), [((133, 290), (117, 20), 88), ((127, 131), (119, 21), 89)])
234
((501, 215831), [((150, 183), (115, 20), 88), ((157, 320), (77, 17), 89)])
259
((516, 217093), [((168, 37), (75, 17), -90), ((172, 171), (111, 17), 88), ((556, 320), (115, 18), -17), ((176, 315), (86, 12), 90)])
261
((531, 218452), [((140, 35), (76, 18), -78), ((128, 171), (118, 20), 90), ((130, 314), (89, 17), 90)])
183
((546, 219747), [((257, 61), (112, 17), -46), ((126, 318), (84, 17), -79), ((171, 187), (114, 17), -64)])
249
((561, 220993), [((302, 281), (107, 17), 89), ((313, 133), (116, 21), -77)])
253
((576, 222352), [((287, 212), (113, 19), -90), ((310, 61), (114, 18), -73)])
210
((591, 223566), [((379, 62), (115, 20), -69), ((345, 209), (112, 19), -84)])
223
((606, 224699), [((333, 312), (94, 17), 86), ((342, 170), (113, 19), -78), ((386, 37), (90, 15), -63)])
258
((621, 226058), [((361, 295), (112, 17), -79), ((484, 32), (89, 17), -54), ((410, 151), (114, 18), -63)])
258
((636, 227418), [((383, 314), (91, 17), -83), ((418, 40), (84, 17), -82), ((401, 175), (112, 17), -82)])
234
((651, 228583), [((182, 124), (112, 17), 90), ((566, 13), (103, 17), 19), ((182, 277), (115, 21), 90)])
234
((666, 229910), [((102, 196), (112, 17), 18), ((389, 75), (114, 18), 90), ((246, 239), (111, 17), 18)])
249
((681, 231221), [((423, 51), (103, 19), -90), ((425, 196), (112, 18), 90)])
247
((696, 232370), [((423, 253), (112, 17), 86), ((388, 106), (113, 17), 70)])
237
((711, 233697), [])
237
((726, 234975), [])
171
((741, 236011), [])
233
